[2024-07-13T01:37:29.764+0000] {processor.py:161} INFO - Started process (PID=226) to work on /opt/airflow/dags/test_dag.py
[2024-07-13T01:37:29.765+0000] {processor.py:830} INFO - Processing file /opt/airflow/dags/test_dag.py for tasks to queue
[2024-07-13T01:37:29.766+0000] {logging_mixin.py:188} INFO - [2024-07-13T01:37:29.766+0000] {dagbag.py:545} INFO - Filling up the DagBag from /opt/airflow/dags/test_dag.py
[2024-07-13T01:37:29.777+0000] {processor.py:840} INFO - DAG(s) 'Email_test_dag' retrieved from /opt/airflow/dags/test_dag.py
[2024-07-13T01:37:29.804+0000] {logging_mixin.py:188} INFO - [2024-07-13T01:37:29.803+0000] {dag.py:3096} INFO - Sync 1 DAGs
[2024-07-13T01:37:29.821+0000] {logging_mixin.py:188} INFO - [2024-07-13T01:37:29.820+0000] {dag.py:3954} INFO - Setting next_dagrun for Email_test_dag to 2024-07-13 01:36:00+00:00, run_after=2024-07-13 01:37:00+00:00
[2024-07-13T01:37:29.835+0000] {processor.py:183} INFO - Processing /opt/airflow/dags/test_dag.py took 0.077 seconds
[2024-07-13T02:59:18.415+0000] {processor.py:161} INFO - Started process (PID=291) to work on /opt/airflow/dags/test_dag.py
[2024-07-13T02:59:18.418+0000] {processor.py:830} INFO - Processing file /opt/airflow/dags/test_dag.py for tasks to queue
[2024-07-13T02:59:18.421+0000] {logging_mixin.py:188} INFO - [2024-07-13T02:59:18.421+0000] {dagbag.py:545} INFO - Filling up the DagBag from /opt/airflow/dags/test_dag.py
[2024-07-13T02:59:18.437+0000] {processor.py:840} INFO - DAG(s) 'Email_test_dag' retrieved from /opt/airflow/dags/test_dag.py
[2024-07-13T02:59:18.460+0000] {logging_mixin.py:188} INFO - [2024-07-13T02:59:18.460+0000] {dag.py:3096} INFO - Sync 1 DAGs
[2024-07-13T02:59:18.477+0000] {logging_mixin.py:188} INFO - [2024-07-13T02:59:18.477+0000] {dag.py:3954} INFO - Setting next_dagrun for Email_test_dag to 2024-07-13 02:59:00+00:00, run_after=2024-07-13 03:00:00+00:00
[2024-07-13T02:59:18.492+0000] {processor.py:183} INFO - Processing /opt/airflow/dags/test_dag.py took 0.099 seconds
[2024-07-13T03:59:08.329+0000] {processor.py:161} INFO - Started process (PID=325) to work on /opt/airflow/dags/test_dag.py
[2024-07-13T03:59:08.331+0000] {processor.py:830} INFO - Processing file /opt/airflow/dags/test_dag.py for tasks to queue
[2024-07-13T03:59:08.332+0000] {logging_mixin.py:188} INFO - [2024-07-13T03:59:08.332+0000] {dagbag.py:545} INFO - Filling up the DagBag from /opt/airflow/dags/test_dag.py
[2024-07-13T03:59:08.343+0000] {processor.py:840} INFO - DAG(s) 'Email_test_dag' retrieved from /opt/airflow/dags/test_dag.py
[2024-07-13T03:59:08.361+0000] {logging_mixin.py:188} INFO - [2024-07-13T03:59:08.361+0000] {dag.py:3096} INFO - Sync 1 DAGs
[2024-07-13T03:59:08.373+0000] {logging_mixin.py:188} INFO - [2024-07-13T03:59:08.373+0000] {dag.py:3954} INFO - Setting next_dagrun for Email_test_dag to 2024-07-13 03:58:00+00:00, run_after=2024-07-13 03:59:00+00:00
[2024-07-13T03:59:08.381+0000] {processor.py:183} INFO - Processing /opt/airflow/dags/test_dag.py took 0.058 seconds
[2024-07-13T05:06:34.028+0000] {processor.py:161} INFO - Started process (PID=381) to work on /opt/airflow/dags/test_dag.py
[2024-07-13T05:06:34.030+0000] {processor.py:830} INFO - Processing file /opt/airflow/dags/test_dag.py for tasks to queue
[2024-07-13T05:06:34.039+0000] {logging_mixin.py:188} INFO - [2024-07-13T05:06:34.038+0000] {dagbag.py:545} INFO - Filling up the DagBag from /opt/airflow/dags/test_dag.py
[2024-07-13T05:06:34.079+0000] {processor.py:840} INFO - DAG(s) 'Email_test_dag' retrieved from /opt/airflow/dags/test_dag.py
[2024-07-13T05:06:34.260+0000] {logging_mixin.py:188} INFO - [2024-07-13T05:06:34.259+0000] {dag.py:3096} INFO - Sync 1 DAGs
[2024-07-13T05:06:34.297+0000] {logging_mixin.py:188} INFO - [2024-07-13T05:06:34.297+0000] {dag.py:3954} INFO - Setting next_dagrun for Email_test_dag to 2024-07-13 05:06:00+00:00, run_after=2024-07-13 05:07:00+00:00
[2024-07-13T05:06:34.314+0000] {processor.py:183} INFO - Processing /opt/airflow/dags/test_dag.py took 0.299 seconds
[2024-07-13T06:23:35.055+0000] {processor.py:161} INFO - Started process (PID=449) to work on /opt/airflow/dags/test_dag.py
[2024-07-13T06:23:35.058+0000] {processor.py:830} INFO - Processing file /opt/airflow/dags/test_dag.py for tasks to queue
[2024-07-13T06:23:35.060+0000] {logging_mixin.py:188} INFO - [2024-07-13T06:23:35.060+0000] {dagbag.py:545} INFO - Filling up the DagBag from /opt/airflow/dags/test_dag.py
[2024-07-13T06:23:35.077+0000] {processor.py:840} INFO - DAG(s) 'Email_test_dag' retrieved from /opt/airflow/dags/test_dag.py
[2024-07-13T06:23:35.100+0000] {logging_mixin.py:188} INFO - [2024-07-13T06:23:35.100+0000] {dag.py:3096} INFO - Sync 1 DAGs
[2024-07-13T06:23:35.118+0000] {logging_mixin.py:188} INFO - [2024-07-13T06:23:35.118+0000] {dag.py:3954} INFO - Setting next_dagrun for Email_test_dag to 2024-07-13 06:23:00+00:00, run_after=2024-07-13 06:24:00+00:00
[2024-07-13T06:23:35.142+0000] {processor.py:183} INFO - Processing /opt/airflow/dags/test_dag.py took 0.093 seconds
[2024-07-13T07:42:28.810+0000] {processor.py:161} INFO - Started process (PID=510) to work on /opt/airflow/dags/test_dag.py
[2024-07-13T07:42:28.813+0000] {processor.py:830} INFO - Processing file /opt/airflow/dags/test_dag.py for tasks to queue
[2024-07-13T07:42:28.817+0000] {logging_mixin.py:188} INFO - [2024-07-13T07:42:28.817+0000] {dagbag.py:545} INFO - Filling up the DagBag from /opt/airflow/dags/test_dag.py
[2024-07-13T07:42:28.851+0000] {processor.py:840} INFO - DAG(s) 'Email_test_dag' retrieved from /opt/airflow/dags/test_dag.py
[2024-07-13T07:42:28.902+0000] {logging_mixin.py:188} INFO - [2024-07-13T07:42:28.902+0000] {dag.py:3096} INFO - Sync 1 DAGs
[2024-07-13T07:42:28.942+0000] {logging_mixin.py:188} INFO - [2024-07-13T07:42:28.941+0000] {dag.py:3954} INFO - Setting next_dagrun for Email_test_dag to 2024-07-13 07:42:00+00:00, run_after=2024-07-13 07:43:00+00:00
[2024-07-13T07:42:28.978+0000] {processor.py:183} INFO - Processing /opt/airflow/dags/test_dag.py took 0.176 seconds
[2024-07-13T09:00:43.003+0000] {processor.py:161} INFO - Started process (PID=564) to work on /opt/airflow/dags/test_dag.py
[2024-07-13T09:00:43.004+0000] {processor.py:830} INFO - Processing file /opt/airflow/dags/test_dag.py for tasks to queue
[2024-07-13T09:00:43.006+0000] {logging_mixin.py:188} INFO - [2024-07-13T09:00:43.006+0000] {dagbag.py:545} INFO - Filling up the DagBag from /opt/airflow/dags/test_dag.py
[2024-07-13T09:00:43.015+0000] {processor.py:840} INFO - DAG(s) 'Email_test_dag' retrieved from /opt/airflow/dags/test_dag.py
[2024-07-13T09:00:43.033+0000] {logging_mixin.py:188} INFO - [2024-07-13T09:00:43.033+0000] {dag.py:3096} INFO - Sync 1 DAGs
[2024-07-13T09:00:43.048+0000] {logging_mixin.py:188} INFO - [2024-07-13T09:00:43.048+0000] {dag.py:3954} INFO - Setting next_dagrun for Email_test_dag to 2024-07-13 08:59:00+00:00, run_after=2024-07-13 09:00:00+00:00
[2024-07-13T09:00:43.061+0000] {processor.py:183} INFO - Processing /opt/airflow/dags/test_dag.py took 0.063 seconds
[2024-07-13T10:11:32.785+0000] {processor.py:161} INFO - Started process (PID=612) to work on /opt/airflow/dags/test_dag.py
[2024-07-13T10:11:32.786+0000] {processor.py:830} INFO - Processing file /opt/airflow/dags/test_dag.py for tasks to queue
[2024-07-13T10:11:32.788+0000] {logging_mixin.py:188} INFO - [2024-07-13T10:11:32.787+0000] {dagbag.py:545} INFO - Filling up the DagBag from /opt/airflow/dags/test_dag.py
[2024-07-13T10:11:32.804+0000] {processor.py:840} INFO - DAG(s) 'Email_test_dag' retrieved from /opt/airflow/dags/test_dag.py
[2024-07-13T10:11:32.852+0000] {logging_mixin.py:188} INFO - [2024-07-13T10:11:32.852+0000] {dag.py:3096} INFO - Sync 1 DAGs
[2024-07-13T10:11:32.888+0000] {logging_mixin.py:188} INFO - [2024-07-13T10:11:32.888+0000] {dag.py:3954} INFO - Setting next_dagrun for Email_test_dag to 2024-07-13 10:10:00+00:00, run_after=2024-07-13 10:11:00+00:00
[2024-07-13T10:11:32.908+0000] {processor.py:183} INFO - Processing /opt/airflow/dags/test_dag.py took 0.132 seconds
[2024-07-13T11:12:38.262+0000] {processor.py:161} INFO - Started process (PID=666) to work on /opt/airflow/dags/test_dag.py
[2024-07-13T11:12:38.265+0000] {processor.py:830} INFO - Processing file /opt/airflow/dags/test_dag.py for tasks to queue
[2024-07-13T11:12:38.268+0000] {logging_mixin.py:188} INFO - [2024-07-13T11:12:38.267+0000] {dagbag.py:545} INFO - Filling up the DagBag from /opt/airflow/dags/test_dag.py
[2024-07-13T11:12:38.290+0000] {processor.py:840} INFO - DAG(s) 'Email_test_dag' retrieved from /opt/airflow/dags/test_dag.py
[2024-07-13T11:12:38.313+0000] {logging_mixin.py:188} INFO - [2024-07-13T11:12:38.313+0000] {dag.py:3096} INFO - Sync 1 DAGs
[2024-07-13T11:12:38.330+0000] {logging_mixin.py:188} INFO - [2024-07-13T11:12:38.330+0000] {dag.py:3954} INFO - Setting next_dagrun for Email_test_dag to 2024-07-13 11:12:00+00:00, run_after=2024-07-13 11:13:00+00:00
[2024-07-13T11:12:38.342+0000] {processor.py:183} INFO - Processing /opt/airflow/dags/test_dag.py took 0.086 seconds
[2024-07-13T12:18:50.027+0000] {processor.py:161} INFO - Started process (PID=733) to work on /opt/airflow/dags/test_dag.py
[2024-07-13T12:18:50.031+0000] {processor.py:830} INFO - Processing file /opt/airflow/dags/test_dag.py for tasks to queue
[2024-07-13T12:18:50.035+0000] {logging_mixin.py:188} INFO - [2024-07-13T12:18:50.034+0000] {dagbag.py:545} INFO - Filling up the DagBag from /opt/airflow/dags/test_dag.py
[2024-07-13T12:18:50.052+0000] {processor.py:840} INFO - DAG(s) 'Email_test_dag' retrieved from /opt/airflow/dags/test_dag.py
[2024-07-13T12:18:50.085+0000] {logging_mixin.py:188} INFO - [2024-07-13T12:18:50.085+0000] {dag.py:3096} INFO - Sync 1 DAGs
[2024-07-13T12:18:50.105+0000] {logging_mixin.py:188} INFO - [2024-07-13T12:18:50.105+0000] {dag.py:3954} INFO - Setting next_dagrun for Email_test_dag to 2024-07-13 12:18:00+00:00, run_after=2024-07-13 12:19:00+00:00
[2024-07-13T12:18:50.122+0000] {processor.py:183} INFO - Processing /opt/airflow/dags/test_dag.py took 0.109 seconds
[2024-07-13T13:30:38.850+0000] {processor.py:161} INFO - Started process (PID=796) to work on /opt/airflow/dags/test_dag.py
[2024-07-13T13:30:38.852+0000] {processor.py:830} INFO - Processing file /opt/airflow/dags/test_dag.py for tasks to queue
[2024-07-13T13:30:38.855+0000] {logging_mixin.py:188} INFO - [2024-07-13T13:30:38.854+0000] {dagbag.py:545} INFO - Filling up the DagBag from /opt/airflow/dags/test_dag.py
[2024-07-13T13:30:38.866+0000] {processor.py:840} INFO - DAG(s) 'Email_test_dag' retrieved from /opt/airflow/dags/test_dag.py
[2024-07-13T13:30:38.889+0000] {logging_mixin.py:188} INFO - [2024-07-13T13:30:38.889+0000] {dag.py:3096} INFO - Sync 1 DAGs
[2024-07-13T13:30:38.901+0000] {logging_mixin.py:188} INFO - [2024-07-13T13:30:38.901+0000] {dag.py:3954} INFO - Setting next_dagrun for Email_test_dag to 2024-07-13 13:29:00+00:00, run_after=2024-07-13 13:30:00+00:00
[2024-07-13T13:30:38.910+0000] {processor.py:183} INFO - Processing /opt/airflow/dags/test_dag.py took 0.070 seconds
[2024-07-13T14:32:34.405+0000] {processor.py:161} INFO - Started process (PID=857) to work on /opt/airflow/dags/test_dag.py
[2024-07-13T14:32:34.407+0000] {processor.py:830} INFO - Processing file /opt/airflow/dags/test_dag.py for tasks to queue
[2024-07-13T14:32:34.411+0000] {logging_mixin.py:188} INFO - [2024-07-13T14:32:34.410+0000] {dagbag.py:545} INFO - Filling up the DagBag from /opt/airflow/dags/test_dag.py
[2024-07-13T14:32:34.437+0000] {processor.py:840} INFO - DAG(s) 'Email_test_dag' retrieved from /opt/airflow/dags/test_dag.py
[2024-07-13T14:32:34.481+0000] {logging_mixin.py:188} INFO - [2024-07-13T14:32:34.480+0000] {dag.py:3096} INFO - Sync 1 DAGs
[2024-07-13T14:32:34.531+0000] {logging_mixin.py:188} INFO - [2024-07-13T14:32:34.530+0000] {dag.py:3954} INFO - Setting next_dagrun for Email_test_dag to 2024-07-13 14:32:00+00:00, run_after=2024-07-13 14:33:00+00:00
[2024-07-13T14:32:34.570+0000] {processor.py:183} INFO - Processing /opt/airflow/dags/test_dag.py took 0.169 seconds
[2024-07-13T15:33:15.208+0000] {processor.py:161} INFO - Started process (PID=910) to work on /opt/airflow/dags/test_dag.py
[2024-07-13T15:33:15.209+0000] {processor.py:830} INFO - Processing file /opt/airflow/dags/test_dag.py for tasks to queue
[2024-07-13T15:33:15.211+0000] {logging_mixin.py:188} INFO - [2024-07-13T15:33:15.211+0000] {dagbag.py:545} INFO - Filling up the DagBag from /opt/airflow/dags/test_dag.py
[2024-07-13T15:33:15.221+0000] {processor.py:840} INFO - DAG(s) 'Email_test_dag' retrieved from /opt/airflow/dags/test_dag.py
[2024-07-13T15:33:15.240+0000] {logging_mixin.py:188} INFO - [2024-07-13T15:33:15.239+0000] {dag.py:3096} INFO - Sync 1 DAGs
[2024-07-13T15:33:15.268+0000] {logging_mixin.py:188} INFO - [2024-07-13T15:33:15.267+0000] {dag.py:3954} INFO - Setting next_dagrun for Email_test_dag to 2024-07-13 15:32:00+00:00, run_after=2024-07-13 15:33:00+00:00
[2024-07-13T15:33:15.290+0000] {processor.py:183} INFO - Processing /opt/airflow/dags/test_dag.py took 0.087 seconds
[2024-07-13T16:49:46.407+0000] {processor.py:161} INFO - Started process (PID=971) to work on /opt/airflow/dags/test_dag.py
[2024-07-13T16:49:46.409+0000] {processor.py:830} INFO - Processing file /opt/airflow/dags/test_dag.py for tasks to queue
[2024-07-13T16:49:46.414+0000] {logging_mixin.py:188} INFO - [2024-07-13T16:49:46.413+0000] {dagbag.py:545} INFO - Filling up the DagBag from /opt/airflow/dags/test_dag.py
[2024-07-13T16:49:46.434+0000] {processor.py:840} INFO - DAG(s) 'Email_test_dag' retrieved from /opt/airflow/dags/test_dag.py
[2024-07-13T16:49:46.464+0000] {logging_mixin.py:188} INFO - [2024-07-13T16:49:46.464+0000] {taskinstance.py:2907} ERROR - {'DAG Id': 'Email_test_dag', 'Task Id': 'fail_task', 'Run Id': 'scheduled__2024-07-13T14:33:00+00:00', 'Hostname': 'a9aa3835bb3f'}
[2024-07-13T16:49:46.486+0000] {logging_mixin.py:188} INFO - [2024-07-13T16:49:46.486+0000] {taskinstance.py:1206} INFO - Marking task as FAILED. dag_id=Email_test_dag, task_id=fail_task, run_id=scheduled__2024-07-13T14:33:00+00:00, execution_date=20240713T143300, start_date=20240713T153337, end_date=20240713T164946
[2024-07-13T16:49:46.512+0000] {logging_mixin.py:188} WARNING - /home/airflow/.local/lib/python3.12/site-packages/airflow/utils/email.py:154 RemovedInAirflow3Warning: Fetching SMTP credentials from configuration variables will be deprecated in a future release. Please set credentials using a connection instead.
[2024-07-13T16:49:46.513+0000] {logging_mixin.py:188} INFO - [2024-07-13T16:49:46.512+0000] {email.py:271} INFO - Email alerting: attempt 1
[2024-07-13T16:50:02.476+0000] {logging_mixin.py:188} INFO - [2024-07-13T16:50:02.475+0000] {email.py:271} INFO - Email alerting: attempt 1
[2024-07-13T18:07:51.329+0000] {processor.py:161} INFO - Started process (PID=1014) to work on /opt/airflow/dags/test_dag.py
[2024-07-13T18:07:51.334+0000] {processor.py:830} INFO - Processing file /opt/airflow/dags/test_dag.py for tasks to queue
[2024-07-13T18:07:51.338+0000] {logging_mixin.py:188} INFO - [2024-07-13T18:07:51.337+0000] {dagbag.py:545} INFO - Filling up the DagBag from /opt/airflow/dags/test_dag.py
[2024-07-13T18:07:51.348+0000] {processor.py:840} INFO - DAG(s) 'Email_test_dag' retrieved from /opt/airflow/dags/test_dag.py
[2024-07-13T18:07:51.365+0000] {logging_mixin.py:188} INFO - [2024-07-13T18:07:51.365+0000] {taskinstance.py:2907} ERROR - {'DAG Id': 'Email_test_dag', 'Task Id': 'fail_task', 'Run Id': 'scheduled__2024-07-13T14:32:00+00:00', 'Hostname': 'a9aa3835bb3f'}
[2024-07-13T18:07:51.387+0000] {logging_mixin.py:188} INFO - [2024-07-13T18:07:51.387+0000] {taskinstance.py:1206} INFO - Marking task as FAILED. dag_id=Email_test_dag, task_id=fail_task, run_id=scheduled__2024-07-13T14:32:00+00:00, execution_date=20240713T143200, start_date=20240713T153339, end_date=20240713T180751
[2024-07-13T18:07:51.411+0000] {logging_mixin.py:188} WARNING - /home/airflow/.local/lib/python3.12/site-packages/airflow/utils/email.py:154 RemovedInAirflow3Warning: Fetching SMTP credentials from configuration variables will be deprecated in a future release. Please set credentials using a connection instead.
[2024-07-13T18:07:51.413+0000] {logging_mixin.py:188} INFO - [2024-07-13T18:07:51.413+0000] {email.py:271} INFO - Email alerting: attempt 1
[2024-07-13T18:08:07.103+0000] {logging_mixin.py:188} INFO - [2024-07-13T18:08:07.102+0000] {email.py:271} INFO - Email alerting: attempt 1
[2024-07-13T19:34:20.950+0000] {processor.py:161} INFO - Started process (PID=1079) to work on /opt/airflow/dags/test_dag.py
[2024-07-13T19:34:20.953+0000] {processor.py:830} INFO - Processing file /opt/airflow/dags/test_dag.py for tasks to queue
[2024-07-13T19:34:20.956+0000] {logging_mixin.py:188} INFO - [2024-07-13T19:34:20.955+0000] {dagbag.py:545} INFO - Filling up the DagBag from /opt/airflow/dags/test_dag.py
[2024-07-13T19:34:20.986+0000] {processor.py:840} INFO - DAG(s) 'Email_test_dag' retrieved from /opt/airflow/dags/test_dag.py
[2024-07-13T19:34:21.319+0000] {logging_mixin.py:188} INFO - [2024-07-13T19:34:21.319+0000] {taskinstance.py:2907} ERROR - {'DAG Id': 'Email_test_dag', 'Task Id': 'fail_task', 'Run Id': 'scheduled__2024-07-13T16:48:00+00:00', 'Hostname': 'a9aa3835bb3f'}
[2024-07-13T19:34:21.367+0000] {logging_mixin.py:188} INFO - [2024-07-13T19:34:21.367+0000] {taskinstance.py:1206} INFO - Marking task as UP_FOR_RETRY. dag_id=Email_test_dag, task_id=fail_task, run_id=scheduled__2024-07-13T16:48:00+00:00, execution_date=20240713T164800, start_date=20240713T180753, end_date=20240713T193421
[2024-07-13T19:34:21.405+0000] {logging_mixin.py:188} WARNING - /home/airflow/.local/lib/python3.12/site-packages/airflow/utils/email.py:154 RemovedInAirflow3Warning: Fetching SMTP credentials from configuration variables will be deprecated in a future release. Please set credentials using a connection instead.
[2024-07-13T19:34:21.409+0000] {logging_mixin.py:188} INFO - [2024-07-13T19:34:21.409+0000] {email.py:271} INFO - Email alerting: attempt 1
[2024-07-13T19:34:27.660+0000] {logging_mixin.py:188} INFO - [2024-07-13T19:34:27.660+0000] {email.py:271} INFO - Email alerting: attempt 1
[2024-07-13T19:34:43.419+0000] {logging_mixin.py:188} INFO - [2024-07-13T19:34:43.410+0000] {taskinstance.py:879} ERROR - Failed to send email to: ['thanh.huynh@onpoint.vn', 'congminh.nguyen@onpoint.vn']
Traceback (most recent call last):
  File "/home/airflow/.local/lib/python3.12/site-packages/airflow/models/taskinstance.py", line 1063, in _email_alert
    send_email(task.email, subject, html_content)
  File "/home/airflow/.local/lib/python3.12/site-packages/airflow/utils/email.py", line 80, in send_email
    return backend(
           ^^^^^^^^
  File "/home/airflow/.local/lib/python3.12/site-packages/airflow/utils/email.py", line 154, in send_email_smtp
    send_mime_email(e_from=mail_from, e_to=recipients, mime_msg=msg, conn_id=conn_id, dryrun=dryrun)
  File "/home/airflow/.local/lib/python3.12/site-packages/airflow/utils/email.py", line 281, in send_mime_email
    smtp_conn.login(smtp_user, smtp_password)
  File "/usr/local/lib/python3.12/smtplib.py", line 750, in login
    raise last_exception
  File "/usr/local/lib/python3.12/smtplib.py", line 739, in login
    (code, resp) = self.auth(
                   ^^^^^^^^^^
  File "/usr/local/lib/python3.12/smtplib.py", line 662, in auth
    raise SMTPAuthenticationError(code, resp)
smtplib.SMTPAuthenticationError: (535, b'5.7.139 Authentication unsuccessful, SmtpClientAuthentication is disabled for the Tenant. Visit https://aka.ms/smtp_auth_disabled for more information. [SG2PR06CA0194.apcprd06.prod.outlook.com 2024-07-13T19:35:55.366Z 08DCA2F26E6E56F1]')

During handling of the above exception, another exception occurred:

Traceback (most recent call last):
  File "/home/airflow/.local/lib/python3.12/site-packages/airflow/models/taskinstance.py", line 877, in _handle_failure
    task_instance.email_alert(error, failure_context["task"])
  File "/home/airflow/.local/lib/python3.12/site-packages/airflow/models/taskinstance.py", line 3163, in email_alert
    _email_alert(task_instance=self, exception=exception, task=task)
  File "/home/airflow/.local/lib/python3.12/site-packages/airflow/models/taskinstance.py", line 1065, in _email_alert
    send_email(task.email, subject, html_content_err)
  File "/home/airflow/.local/lib/python3.12/site-packages/airflow/utils/email.py", line 80, in send_email
    return backend(
           ^^^^^^^^
  File "/home/airflow/.local/lib/python3.12/site-packages/airflow/utils/email.py", line 154, in send_email_smtp
    send_mime_email(e_from=mail_from, e_to=recipients, mime_msg=msg, conn_id=conn_id, dryrun=dryrun)
  File "/home/airflow/.local/lib/python3.12/site-packages/airflow/utils/email.py", line 281, in send_mime_email
    smtp_conn.login(smtp_user, smtp_password)
  File "/usr/local/lib/python3.12/smtplib.py", line 739, in login
    (code, resp) = self.auth(
                   ^^^^^^^^^^
  File "/usr/local/lib/python3.12/smtplib.py", line 653, in auth
    (code, resp) = self.docmd(response)
                   ^^^^^^^^^^^^^^^^^^^^
  File "/usr/local/lib/python3.12/smtplib.py", line 432, in docmd
    return self.getreply()
           ^^^^^^^^^^^^^^^
  File "/usr/local/lib/python3.12/smtplib.py", line 405, in getreply
    raise SMTPServerDisconnected("Connection unexpectedly closed")
smtplib.SMTPServerDisconnected: Connection unexpectedly closed
[2024-07-13T19:34:43.444+0000] {processor.py:791} INFO - Executed failure callback for <TaskInstance: Email_test_dag.fail_task scheduled__2024-07-13T16:48:00+00:00 [up_for_retry]> in state up_for_retry
[2024-07-13T19:34:43.446+0000] {logging_mixin.py:188} INFO - [2024-07-13T19:34:43.446+0000] {taskinstance.py:2907} ERROR - {'DAG Id': 'Email_test_dag', 'Task Id': 'fail_task', 'Run Id': 'scheduled__2024-07-13T16:49:00+00:00', 'Hostname': 'a9aa3835bb3f'}
[2024-07-13T19:34:43.454+0000] {logging_mixin.py:188} INFO - [2024-07-13T19:34:43.454+0000] {taskinstance.py:1206} INFO - Marking task as FAILED. dag_id=Email_test_dag, task_id=fail_task, run_id=scheduled__2024-07-13T16:49:00+00:00, execution_date=20240713T164900, start_date=20240713T180800, end_date=20240713T193443
[2024-07-13T19:34:43.463+0000] {logging_mixin.py:188} WARNING - /home/airflow/.local/lib/python3.12/site-packages/airflow/utils/email.py:154 RemovedInAirflow3Warning: Fetching SMTP credentials from configuration variables will be deprecated in a future release. Please set credentials using a connection instead.
[2024-07-13T19:34:43.463+0000] {logging_mixin.py:188} INFO - [2024-07-13T19:34:43.463+0000] {email.py:271} INFO - Email alerting: attempt 1
[2024-07-13T22:17:24.249+0000] {processor.py:161} INFO - Started process (PID=1161) to work on /opt/airflow/dags/test_dag.py
[2024-07-13T22:17:24.250+0000] {processor.py:830} INFO - Processing file /opt/airflow/dags/test_dag.py for tasks to queue
[2024-07-13T22:17:24.251+0000] {logging_mixin.py:188} INFO - [2024-07-13T22:17:24.250+0000] {dagbag.py:545} INFO - Filling up the DagBag from /opt/airflow/dags/test_dag.py
[2024-07-13T22:17:24.263+0000] {processor.py:840} INFO - DAG(s) 'Email_test_dag' retrieved from /opt/airflow/dags/test_dag.py
[2024-07-13T22:17:24.281+0000] {logging_mixin.py:188} INFO - [2024-07-13T22:17:24.280+0000] {taskinstance.py:2907} ERROR - {'DAG Id': 'Email_test_dag', 'Task Id': 'fail_task', 'Run Id': 'scheduled__2024-07-13T18:07:00+00:00', 'Hostname': 'a9aa3835bb3f'}
[2024-07-13T22:17:24.290+0000] {logging_mixin.py:188} INFO - [2024-07-13T22:17:24.290+0000] {taskinstance.py:1206} INFO - Marking task as FAILED. dag_id=Email_test_dag, task_id=fail_task, run_id=scheduled__2024-07-13T18:07:00+00:00, execution_date=20240713T180700, start_date=20240713T180800, end_date=20240713T221724
[2024-07-13T22:17:24.301+0000] {logging_mixin.py:188} WARNING - /home/airflow/.local/lib/python3.12/site-packages/airflow/utils/email.py:154 RemovedInAirflow3Warning: Fetching SMTP credentials from configuration variables will be deprecated in a future release. Please set credentials using a connection instead.
[2024-07-13T22:17:24.301+0000] {logging_mixin.py:188} INFO - [2024-07-13T22:17:24.301+0000] {email.py:271} INFO - Email alerting: attempt 1
[2024-07-13T22:17:39.997+0000] {logging_mixin.py:188} INFO - [2024-07-13T22:17:39.994+0000] {email.py:271} INFO - Email alerting: attempt 1
