[2024-07-08T11:37:03.932+0000] {local_task_job_runner.py:120} INFO - ::group::Pre task execution logs
[2024-07-08T11:37:03.952+0000] {taskinstance.py:2076} INFO - Dependencies all met for dep_context=non-requeueable deps ti=<TaskInstance: Email_test_dag.fail_task scheduled__2024-07-08T11:35:00+00:00 [queued]>
[2024-07-08T11:37:03.956+0000] {taskinstance.py:2076} INFO - Dependencies all met for dep_context=requeueable deps ti=<TaskInstance: Email_test_dag.fail_task scheduled__2024-07-08T11:35:00+00:00 [queued]>
[2024-07-08T11:37:03.957+0000] {taskinstance.py:2306} INFO - Starting attempt 2 of 2
[2024-07-08T11:37:03.964+0000] {taskinstance.py:2330} INFO - Executing <Task(BashOperator): fail_task> on 2024-07-08 11:35:00+00:00
[2024-07-08T11:37:03.969+0000] {logging_mixin.py:188} WARNING - /home/***/.local/lib/python3.12/site-packages/***/task/task_runner/standard_task_runner.py:61 DeprecationWarning: This process (pid=9328) is multi-threaded, use of fork() may lead to deadlocks in the child.
[2024-07-08T11:37:03.970+0000] {standard_task_runner.py:63} INFO - Started process 9330 to run task
[2024-07-08T11:37:03.969+0000] {standard_task_runner.py:90} INFO - Running: ['***', 'tasks', 'run', 'Email_test_dag', 'fail_task', 'scheduled__2024-07-08T11:35:00+00:00', '--job-id', '2039', '--raw', '--subdir', 'DAGS_FOLDER/test_dag.py', '--cfg-path', '/tmp/tmp28fq031o']
[2024-07-08T11:37:03.971+0000] {standard_task_runner.py:91} INFO - Job 2039: Subtask fail_task
[2024-07-08T11:37:04.010+0000] {task_command.py:426} INFO - Running <TaskInstance: Email_test_dag.fail_task scheduled__2024-07-08T11:35:00+00:00 [running]> on host ec4fc0d2456a
[2024-07-08T11:37:04.060+0000] {taskinstance.py:2648} INFO - Exporting env vars: AIRFLOW_CTX_DAG_EMAIL='thanh.huynh@onpoint.vn,congminh.nguyen@onpoint.vn' AIRFLOW_CTX_DAG_OWNER='thanh.huynh@onpoint.vn' AIRFLOW_CTX_DAG_ID='Email_test_dag' AIRFLOW_CTX_TASK_ID='fail_task' AIRFLOW_CTX_EXECUTION_DATE='2024-07-08T11:35:00+00:00' AIRFLOW_CTX_TRY_NUMBER='2' AIRFLOW_CTX_DAG_RUN_ID='scheduled__2024-07-08T11:35:00+00:00'
[2024-07-08T11:37:04.061+0000] {taskinstance.py:430} INFO - ::endgroup::
[2024-07-08T11:37:04.069+0000] {subprocess.py:63} INFO - Tmp dir root location: /tmp
[2024-07-08T11:37:04.070+0000] {subprocess.py:75} INFO - Running command: ['/usr/bin/bash', '-c', 'cd non_exist_folder']
[2024-07-08T11:37:04.074+0000] {subprocess.py:86} INFO - Output:
[2024-07-08T11:37:04.075+0000] {subprocess.py:93} INFO - /usr/bin/bash: line 1: cd: non_exist_folder: No such file or directory
[2024-07-08T11:37:04.076+0000] {subprocess.py:97} INFO - Command exited with return code 1
[2024-07-08T11:37:04.076+0000] {taskinstance.py:441} INFO - ::group::Post task execution logs
[2024-07-08T11:37:04.083+0000] {taskinstance.py:2905} ERROR - Task failed with exception
Traceback (most recent call last):
  File "/home/airflow/.local/lib/python3.12/site-packages/airflow/models/taskinstance.py", line 465, in _execute_task
    result = _execute_callable(context=context, **execute_callable_kwargs)
             ^^^^^^^^^^^^^^^^^^^^^^^^^^^^^^^^^^^^^^^^^^^^^^^^^^^^^^^^^^^^^
  File "/home/airflow/.local/lib/python3.12/site-packages/airflow/models/taskinstance.py", line 432, in _execute_callable
    return execute_callable(context=context, **execute_callable_kwargs)
           ^^^^^^^^^^^^^^^^^^^^^^^^^^^^^^^^^^^^^^^^^^^^^^^^^^^^^^^^^^^^
  File "/home/airflow/.local/lib/python3.12/site-packages/airflow/models/baseoperator.py", line 401, in wrapper
    return func(self, *args, **kwargs)
           ^^^^^^^^^^^^^^^^^^^^^^^^^^^
  File "/home/airflow/.local/lib/python3.12/site-packages/airflow/operators/bash.py", line 243, in execute
    raise AirflowException(
airflow.exceptions.AirflowException: Bash command failed. The command returned a non-zero exit code 1.
[2024-07-08T11:37:04.086+0000] {taskinstance.py:1206} INFO - Marking task as FAILED. dag_id=Email_test_dag, task_id=fail_task, run_id=scheduled__2024-07-08T11:35:00+00:00, execution_date=20240708T113500, start_date=20240708T113703, end_date=20240708T113704
[2024-07-08T11:37:04.096+0000] {logging_mixin.py:188} WARNING - /home/***/.local/lib/python3.12/site-packages/***/utils/email.py:154 RemovedInAirflow3Warning: Fetching SMTP credentials from configuration variables will be deprecated in a future release. Please set credentials using a connection instead.
[2024-07-08T11:37:04.096+0000] {email.py:271} INFO - Email alerting: attempt 1
[2024-07-08T12:44:15.542+0000] {local_task_job_runner.py:310} WARNING - State of this instance has been externally set to restarting. Terminating instance.
[2024-07-08T12:44:15.545+0000] {local_task_job_runner.py:222} INFO - ::endgroup::
[2024-07-08T12:44:15.550+0000] {process_utils.py:132} INFO - Sending 15 to group 9330. PIDs of all processes in the group: [9330]
[2024-07-08T12:44:15.551+0000] {process_utils.py:87} INFO - Sending the signal 15 to group 9330
[2024-07-08T12:44:15.554+0000] {taskinstance.py:2611} ERROR - Received SIGTERM. Terminating subprocesses.
[2024-07-08T12:44:15.563+0000] {subprocess.py:104} INFO - Sending SIGTERM signal to process group
[2024-07-08T12:44:15.568+0000] {email.py:271} INFO - Email alerting: attempt 2
[2024-07-08T12:44:31.596+0000] {email.py:271} INFO - Email alerting: attempt 1
[2024-07-08T14:17:25.401+0000] {taskinstance.py:879} ERROR - Failed to send email to: ['thanh.huynh@onpoint.vn', 'congminh.nguyen@onpoint.vn']
Traceback (most recent call last):
  File "/home/airflow/.local/lib/python3.12/site-packages/airflow/models/taskinstance.py", line 2479, in _run_raw_task
    self._execute_task_with_callbacks(context, test_mode, session=session)
  File "/home/airflow/.local/lib/python3.12/site-packages/airflow/models/taskinstance.py", line 2676, in _execute_task_with_callbacks
    result = self._execute_task(context, task_orig)
             ^^^^^^^^^^^^^^^^^^^^^^^^^^^^^^^^^^^^^^
  File "/home/airflow/.local/lib/python3.12/site-packages/airflow/models/taskinstance.py", line 2701, in _execute_task
    return _execute_task(self, context, task_orig)
           ^^^^^^^^^^^^^^^^^^^^^^^^^^^^^^^^^^^^^^^
  File "/home/airflow/.local/lib/python3.12/site-packages/airflow/models/taskinstance.py", line 465, in _execute_task
    result = _execute_callable(context=context, **execute_callable_kwargs)
             ^^^^^^^^^^^^^^^^^^^^^^^^^^^^^^^^^^^^^^^^^^^^^^^^^^^^^^^^^^^^^
  File "/home/airflow/.local/lib/python3.12/site-packages/airflow/models/taskinstance.py", line 432, in _execute_callable
    return execute_callable(context=context, **execute_callable_kwargs)
           ^^^^^^^^^^^^^^^^^^^^^^^^^^^^^^^^^^^^^^^^^^^^^^^^^^^^^^^^^^^^
  File "/home/airflow/.local/lib/python3.12/site-packages/airflow/models/baseoperator.py", line 401, in wrapper
    return func(self, *args, **kwargs)
           ^^^^^^^^^^^^^^^^^^^^^^^^^^^
  File "/home/airflow/.local/lib/python3.12/site-packages/airflow/operators/bash.py", line 243, in execute
    raise AirflowException(
airflow.exceptions.AirflowException: Bash command failed. The command returned a non-zero exit code 1.

During handling of the above exception, another exception occurred:

Traceback (most recent call last):
  File "/home/airflow/.local/lib/python3.12/site-packages/airflow/models/taskinstance.py", line 1063, in _email_alert
    send_email(task.email, subject, html_content)
  File "/home/airflow/.local/lib/python3.12/site-packages/airflow/utils/email.py", line 80, in send_email
    return backend(
           ^^^^^^^^
  File "/home/airflow/.local/lib/python3.12/site-packages/airflow/utils/email.py", line 154, in send_email_smtp
    send_mime_email(e_from=mail_from, e_to=recipients, mime_msg=msg, conn_id=conn_id, dryrun=dryrun)
  File "/home/airflow/.local/lib/python3.12/site-packages/airflow/utils/email.py", line 281, in send_mime_email
    smtp_conn.login(smtp_user, smtp_password)
  File "/usr/local/lib/python3.12/smtplib.py", line 739, in login
    (code, resp) = self.auth(
                   ^^^^^^^^^^
  File "/usr/local/lib/python3.12/smtplib.py", line 653, in auth
    (code, resp) = self.docmd(response)
                   ^^^^^^^^^^^^^^^^^^^^
  File "/usr/local/lib/python3.12/smtplib.py", line 432, in docmd
    return self.getreply()
           ^^^^^^^^^^^^^^^
  File "/usr/local/lib/python3.12/smtplib.py", line 405, in getreply
    raise SMTPServerDisconnected("Connection unexpectedly closed")
smtplib.SMTPServerDisconnected: Connection unexpectedly closed

During handling of the above exception, another exception occurred:

Traceback (most recent call last):
  File "/home/airflow/.local/lib/python3.12/site-packages/airflow/models/taskinstance.py", line 877, in _handle_failure
    task_instance.email_alert(error, failure_context["task"])
  File "/home/airflow/.local/lib/python3.12/site-packages/airflow/models/taskinstance.py", line 3163, in email_alert
    _email_alert(task_instance=self, exception=exception, task=task)
  File "/home/airflow/.local/lib/python3.12/site-packages/airflow/models/taskinstance.py", line 1065, in _email_alert
    send_email(task.email, subject, html_content_err)
  File "/home/airflow/.local/lib/python3.12/site-packages/airflow/utils/email.py", line 80, in send_email
    return backend(
           ^^^^^^^^
  File "/home/airflow/.local/lib/python3.12/site-packages/airflow/utils/email.py", line 154, in send_email_smtp
    send_mime_email(e_from=mail_from, e_to=recipients, mime_msg=msg, conn_id=conn_id, dryrun=dryrun)
  File "/home/airflow/.local/lib/python3.12/site-packages/airflow/utils/email.py", line 281, in send_mime_email
    smtp_conn.login(smtp_user, smtp_password)
  File "/usr/local/lib/python3.12/smtplib.py", line 739, in login
    (code, resp) = self.auth(
                   ^^^^^^^^^^
  File "/usr/local/lib/python3.12/smtplib.py", line 653, in auth
    (code, resp) = self.docmd(response)
                   ^^^^^^^^^^^^^^^^^^^^
  File "/usr/local/lib/python3.12/smtplib.py", line 432, in docmd
    return self.getreply()
           ^^^^^^^^^^^^^^^
  File "/usr/local/lib/python3.12/smtplib.py", line 405, in getreply
    raise SMTPServerDisconnected("Connection unexpectedly closed")
smtplib.SMTPServerDisconnected: Connection unexpectedly closed
[2024-07-08T14:17:25.509+0000] {standard_task_runner.py:110} ERROR - Failed to execute job 2039 for task fail_task (Bash command failed. The command returned a non-zero exit code 1.; 9330)
[2024-07-08T14:17:25.542+0000] {process_utils.py:80} INFO - Process psutil.Process(pid=9330, status='terminated', exitcode=1, started='11:37:03') (9330) terminated with exit code 1
